{"/Users/richardpentecost/Projects/bank-account/src/bank-account.js": {"path":"/Users/richardpentecost/Projects/bank-account/src/bank-account.js","statementMap":{"0":{"start":{"line":2,"column":2},"end":{"line":2,"column":21}},"1":{"start":{"line":3,"column":2},"end":{"line":3,"column":19}},"2":{"start":{"line":4,"column":2},"end":{"line":4,"column":25}},"3":{"start":{"line":7,"column":0},"end":{"line":11,"column":1}},"4":{"start":{"line":8,"column":2},"end":{"line":8,"column":78}},"5":{"start":{"line":8,"column":26},"end":{"line":8,"column":76}},"6":{"start":{"line":9,"column":2},"end":{"line":9,"column":32}},"7":{"start":{"line":10,"column":2},"end":{"line":10,"column":40}},"8":{"start":{"line":13,"column":0},"end":{"line":18,"column":1}},"9":{"start":{"line":14,"column":2},"end":{"line":14,"column":80}},"10":{"start":{"line":14,"column":27},"end":{"line":14,"column":78}},"11":{"start":{"line":15,"column":2},"end":{"line":15,"column":106}},"12":{"start":{"line":15,"column":42},"end":{"line":15,"column":104}},"13":{"start":{"line":16,"column":2},"end":{"line":16,"column":33}},"14":{"start":{"line":17,"column":2},"end":{"line":17,"column":42}},"15":{"start":{"line":20,"column":0},"end":{"line":22,"column":1}},"16":{"start":{"line":21,"column":2},"end":{"line":21,"column":43}},"17":{"start":{"line":24,"column":0},"end":{"line":26,"column":1}},"18":{"start":{"line":25,"column":2},"end":{"line":25,"column":38}},"19":{"start":{"line":28,"column":0},"end":{"line":31,"column":1}},"20":{"start":{"line":29,"column":19},"end":{"line":29,"column":88}},"21":{"start":{"line":29,"column":61},"end":{"line":29,"column":76}},"22":{"start":{"line":30,"column":2},"end":{"line":30,"column":33}},"23":{"start":{"line":33,"column":0},"end":{"line":36,"column":1}},"24":{"start":{"line":34,"column":22},"end":{"line":34,"column":91}},"25":{"start":{"line":34,"column":64},"end":{"line":34,"column":79}},"26":{"start":{"line":35,"column":2},"end":{"line":35,"column":39}},"27":{"start":{"line":38,"column":0},"end":{"line":38,"column":25}}},"fnMap":{"0":{"name":"Account","decl":{"start":{"line":1,"column":9},"end":{"line":1,"column":16}},"loc":{"start":{"line":1,"column":23},"end":{"line":5,"column":1}},"line":1},"1":{"name":"deposit","decl":{"start":{"line":7,"column":37},"end":{"line":7,"column":44}},"loc":{"start":{"line":7,"column":60},"end":{"line":11,"column":1}},"line":7},"2":{"name":"withdraw","decl":{"start":{"line":13,"column":38},"end":{"line":13,"column":46}},"loc":{"start":{"line":13,"column":63},"end":{"line":18,"column":1}},"line":13},"3":{"name":"checkBalance","decl":{"start":{"line":20,"column":42},"end":{"line":20,"column":54}},"loc":{"start":{"line":20,"column":57},"end":{"line":22,"column":1}},"line":20},"4":{"name":"viewStatement","decl":{"start":{"line":24,"column":43},"end":{"line":24,"column":56}},"loc":{"start":{"line":24,"column":59},"end":{"line":26,"column":1}},"line":24},"5":{"name":"viewDeposits","decl":{"start":{"line":28,"column":42},"end":{"line":28,"column":54}},"loc":{"start":{"line":28,"column":57},"end":{"line":31,"column":1}},"line":28},"6":{"name":"(anonymous_6)","decl":{"start":{"line":29,"column":44},"end":{"line":29,"column":45}},"loc":{"start":{"line":29,"column":61},"end":{"line":29,"column":76}},"line":29},"7":{"name":"viewWithdrawals","decl":{"start":{"line":33,"column":45},"end":{"line":33,"column":60}},"loc":{"start":{"line":33,"column":63},"end":{"line":36,"column":1}},"line":33},"8":{"name":"(anonymous_8)","decl":{"start":{"line":34,"column":47},"end":{"line":34,"column":48}},"loc":{"start":{"line":34,"column":64},"end":{"line":34,"column":79}},"line":34}},"branchMap":{"0":{"loc":{"start":{"line":8,"column":2},"end":{"line":8,"column":78}},"type":"if","locations":[{"start":{"line":8,"column":2},"end":{"line":8,"column":78}},{"start":{"line":8,"column":2},"end":{"line":8,"column":78}}],"line":8},"1":{"loc":{"start":{"line":14,"column":2},"end":{"line":14,"column":80}},"type":"if","locations":[{"start":{"line":14,"column":2},"end":{"line":14,"column":80}},{"start":{"line":14,"column":2},"end":{"line":14,"column":80}}],"line":14},"2":{"loc":{"start":{"line":15,"column":2},"end":{"line":15,"column":106}},"type":"if","locations":[{"start":{"line":15,"column":2},"end":{"line":15,"column":106}},{"start":{"line":15,"column":2},"end":{"line":15,"column":106}}],"line":15}},"s":{"0":17,"1":17,"2":17,"3":1,"4":7,"5":1,"6":6,"7":6,"8":1,"9":6,"10":1,"11":5,"12":1,"13":4,"14":4,"15":1,"16":3,"17":1,"18":2,"19":1,"20":2,"21":13,"22":2,"23":1,"24":2,"25":13,"26":2,"27":1},"f":{"0":17,"1":7,"2":6,"3":3,"4":2,"5":2,"6":13,"7":2,"8":13},"b":{"0":[1,6],"1":[1,5],"2":[1,4]},"_coverageSchema":"43e27e138ebf9cfc5966b082cf9a028302ed4184","hash":"e68cf4a9ce92b49c89002f1806dd7049f30b011b"}
}
