TN:
SF:/Users/richardpentecost/Projects/bank-account/src/bank-account.js
FN:1,Account
FN:7,deposit
FN:13,withdraw
FN:20,checkBalance
FN:24,viewStatement
FN:28,viewDeposits
FN:29,(anonymous_6)
FN:33,viewWithdrawals
FN:34,(anonymous_8)
FNF:9
FNH:9
FNDA:17,Account
FNDA:7,deposit
FNDA:6,withdraw
FNDA:3,checkBalance
FNDA:2,viewStatement
FNDA:2,viewDeposits
FNDA:13,(anonymous_6)
FNDA:2,viewWithdrawals
FNDA:13,(anonymous_8)
DA:2,17
DA:3,17
DA:4,17
DA:7,1
DA:8,7
DA:9,6
DA:10,6
DA:13,1
DA:14,6
DA:15,5
DA:16,4
DA:17,4
DA:20,1
DA:21,3
DA:24,1
DA:25,2
DA:28,1
DA:29,13
DA:30,2
DA:33,1
DA:34,13
DA:35,2
DA:38,1
LF:23
LH:23
BRDA:8,0,0,1
BRDA:8,0,1,6
BRDA:14,1,0,1
BRDA:14,1,1,5
BRDA:15,2,0,1
BRDA:15,2,1,4
BRF:6
BRH:6
end_of_record
